[2020-01-29T14:31:39.775] [DEBUG] cheese - login => username:admin,password:123456
[2020-01-29T14:31:39.781] [DEBUG] cheese - admin
[2020-01-29T14:31:39.862] [DEBUG] cheese - { inspect: [Function: inspect] }
[2020-01-29T14:31:39.865] [DEBUG] cheese - 查询失败
[2020-01-29T14:31:43.321] [DEBUG] cheese - login => username:admin,password:123456
[2020-01-29T14:31:43.321] [DEBUG] cheese - admin
[2020-01-29T14:31:43.324] [DEBUG] cheese - { inspect: [Function: inspect] }
[2020-01-29T14:31:43.324] [DEBUG] cheese - 查询失败
[2020-01-29T14:31:47.173] [DEBUG] cheese - login => username:admin,password:123456
[2020-01-29T14:31:47.174] [DEBUG] cheese - admin
[2020-01-29T14:31:47.176] [DEBUG] cheese - { inspect: [Function: inspect] }
[2020-01-29T14:31:47.177] [DEBUG] cheese - 查询失败
[2020-01-29T14:32:02.566] [DEBUG] cheese - login => username:admin,password:123456
[2020-01-29T14:32:02.566] [DEBUG] cheese - admin
[2020-01-29T14:32:02.570] [DEBUG] cheese - { inspect: [Function: inspect] }
[2020-01-29T14:32:02.570] [DEBUG] cheese - 查询失败
[2020-01-29T14:55:53.465] [DEBUG] cheese - login => username:admin,password:123456
[2020-01-29T14:55:53.468] [DEBUG] cheese - admin
[2020-01-29T14:55:53.617] [DEBUG] cheese - null
[2020-01-29T14:55:53.617] [DEBUG] cheese - null
[2020-01-29T15:06:44.061] [DEBUG] cheese - login => username:admin,password:123456
[2020-01-29T15:06:44.062] [DEBUG] cheese - admin
[2020-01-29T15:06:44.066] [DEBUG] cheese - null
[2020-01-29T15:06:44.067] [DEBUG] cheese - null
[2020-01-29T15:06:48.048] [DEBUG] cheese - login => username:admin,password:123456
[2020-01-29T15:06:48.048] [DEBUG] cheese - admin
[2020-01-29T15:06:48.051] [DEBUG] cheese - null
[2020-01-29T15:06:48.051] [DEBUG] cheese - null
[2020-01-29T15:12:42.165] [DEBUG] cheese - login => username:admin,password:123456
[2020-01-29T15:12:42.167] [DEBUG] cheese - admin
[2020-01-29T15:12:42.274] [DEBUG] cheese - null
[2020-01-29T15:12:42.274] [DEBUG] cheese - null
[2020-01-29T15:13:47.464] [DEBUG] cheese - login => username:admin,password:123456
[2020-01-29T15:13:47.464] [DEBUG] cheese - admin
[2020-01-29T15:13:47.477] [DEBUG] cheese - null
[2020-01-29T15:13:47.477] [DEBUG] cheese - null
[2020-01-29T15:14:12.754] [DEBUG] cheese - login => username:admin,password:123456
[2020-01-29T15:14:12.755] [DEBUG] cheese - admin
[2020-01-29T15:14:12.760] [DEBUG] cheese - null
[2020-01-29T15:14:12.760] [DEBUG] cheese - null
[2020-01-29T15:18:27.590] [DEBUG] cheese - login => username:admin,password:123456
[2020-01-29T15:18:27.592] [DEBUG] cheese - admin
[2020-01-29T15:18:27.789] [DEBUG] cheese - null
[2020-01-29T15:18:27.789] [DEBUG] cheese - null
[2020-01-29T15:51:27.009] [DEBUG] cheese - login => username:admin,password:123456
[2020-01-29T15:51:27.009] [DEBUG] cheese - admin
[2020-01-29T15:51:27.222] [DEBUG] cheese - null
[2020-01-29T15:51:27.222] [DEBUG] cheese - null
[2020-01-29T15:57:10.664] [DEBUG] cheese - login => username:admin,password:123456
[2020-01-29T15:57:10.665] [DEBUG] cheese - admin
[2020-01-29T15:57:10.733] [DEBUG] cheese - null
[2020-01-29T15:57:10.733] [DEBUG] cheese - null
[2020-01-29T15:58:43.719] [DEBUG] cheese - login => username:admin,password:123456
[2020-01-29T15:58:43.720] [DEBUG] cheese - admin
[2020-01-29T15:58:43.797] [DEBUG] cheese - null
[2020-01-29T15:58:43.799] [DEBUG] cheese - null
[2020-01-29T16:00:29.945] [DEBUG] cheese - login => username:admin,password:123456
[2020-01-29T16:00:29.946] [DEBUG] cheese - admin
[2020-01-29T16:00:29.957] [DEBUG] cheese - null
[2020-01-29T16:00:29.957] [DEBUG] cheese - null
[2020-01-29T16:01:45.413] [DEBUG] cheese - login => username:admin,password:123456
[2020-01-29T16:01:45.414] [DEBUG] cheese - admin
[2020-01-29T16:01:45.429] [DEBUG] cheese - null
[2020-01-29T16:01:45.430] [DEBUG] cheese - null
[2020-01-29T16:06:24.941] [DEBUG] cheese - login => username:admin,password:123456
[2020-01-29T16:06:24.942] [DEBUG] cheese - admin
[2020-01-29T16:06:24.956] [DEBUG] cheese - null
[2020-01-29T16:06:24.956] [DEBUG] cheese - null
[2020-01-29T16:11:56.062] [DEBUG] cheese - login => username:admin,password:123456
[2020-01-29T16:11:56.062] [DEBUG] cheese - admin
[2020-01-29T16:11:56.103] [DEBUG] cheese - null
[2020-01-29T16:11:56.103] [DEBUG] cheese - null
[2020-01-29T16:11:59.437] [DEBUG] cheese - login => username:admin,password:123456
[2020-01-29T16:11:59.437] [DEBUG] cheese - admin
[2020-01-29T16:11:59.459] [DEBUG] cheese - null
[2020-01-29T16:11:59.459] [DEBUG] cheese - null
[2020-01-29T16:12:03.815] [DEBUG] cheese - login => username:admin,password:123456
[2020-01-29T16:12:03.815] [DEBUG] cheese - admin
[2020-01-29T16:12:03.821] [DEBUG] cheese - null
[2020-01-29T16:12:03.821] [DEBUG] cheese - null
[2020-01-29T16:32:13.893] [DEBUG] cheese - login => username:admin,password:123456
[2020-01-29T16:32:13.894] [DEBUG] cheese - admin
[2020-01-29T16:32:14.154] [DEBUG] cheese - null
[2020-01-29T16:32:14.154] [DEBUG] cheese - null
[2020-01-29T20:13:07.095] [DEBUG] cheese - login => username:admin,password:123456
[2020-01-29T20:13:07.098] [DEBUG] cheese - admin
[2020-01-29T20:13:07.464] [DEBUG] cheese - null
[2020-01-29T20:13:07.465] [DEBUG] cheese - null
[2020-01-30T14:27:56.494] [DEBUG] cheese - login => username:admin,password:123456
[2020-01-30T14:27:56.502] [DEBUG] cheese - admin
[2020-01-30T14:27:56.643] [DEBUG] cheese - null
[2020-01-30T14:27:56.643] [DEBUG] cheese - null
[2020-01-30T14:28:24.282] [DEBUG] cheese - login => username:admin,password:123456
[2020-01-30T14:28:24.283] [DEBUG] cheese - admin
[2020-01-30T14:28:24.295] [DEBUG] cheese - null
[2020-01-30T14:28:24.295] [DEBUG] cheese - null
[2020-01-30T14:28:42.310] [DEBUG] cheese - login => username:admin,password:123456
[2020-01-30T14:28:42.311] [DEBUG] cheese - admin
[2020-01-30T14:28:42.327] [DEBUG] cheese - null
[2020-01-30T14:28:42.327] [DEBUG] cheese - null
[2020-01-30T14:33:13.370] [DEBUG] cheese - login => username:admin,password:123456
[2020-01-30T14:33:13.371] [DEBUG] cheese - admin
[2020-01-30T14:33:13.470] [DEBUG] cheese - null
[2020-01-30T14:33:13.470] [DEBUG] cheese - null
[2020-01-30T16:54:34.635] [DEBUG] cheese - login => username:admin,password:123456
[2020-01-30T16:54:34.637] [DEBUG] cheese - admin
[2020-01-30T16:54:34.935] [DEBUG] cheese - null
[2020-01-30T16:54:34.936] [DEBUG] cheese - null
[2020-01-30T16:55:58.258] [DEBUG] cheese - login => username:admin,password:123456
[2020-01-30T16:55:58.258] [DEBUG] cheese - admin
[2020-01-30T16:55:58.315] [DEBUG] cheese - null
[2020-01-30T16:55:58.318] [DEBUG] cheese - null
[2020-01-30T16:58:58.122] [DEBUG] cheese - login => username:admin,password:123456
[2020-01-30T16:58:58.122] [DEBUG] cheese - admin
[2020-01-30T16:58:58.133] [DEBUG] cheese - null
[2020-01-30T16:58:58.133] [DEBUG] cheese - null
[2020-01-30T17:09:55.182] [DEBUG] cheese - login => username:admin,password:123456
[2020-01-30T17:09:55.185] [DEBUG] cheese - admin
[2020-01-30T17:09:55.195] [DEBUG] cheese - null
[2020-01-30T17:09:55.195] [DEBUG] cheese - null
[2020-01-30T20:05:43.355] [DEBUG] cheese - login => username:admin,password:123456
[2020-01-30T20:05:43.361] [DEBUG] cheese - admin
[2020-01-30T20:05:43.535] [DEBUG] cheese - null
[2020-01-30T20:05:43.536] [DEBUG] cheese - null
[2020-01-30T21:52:26.258] [DEBUG] cheese - login => username:admin,password:123456
[2020-01-30T21:52:26.265] [DEBUG] cheese - admin
[2020-01-30T21:52:26.542] [DEBUG] cheese - null
[2020-01-30T21:52:26.542] [DEBUG] cheese - null
[2020-01-30T22:00:06.265] [DEBUG] cheese - login => username:admin,password:123456
[2020-01-30T22:00:06.271] [DEBUG] cheese - admin
[2020-01-30T22:00:06.365] [DEBUG] cheese - null
[2020-01-30T22:00:06.365] [DEBUG] cheese - null
[2020-01-30T22:55:42.379] [DEBUG] cheese - login => username:admin,password:123456
[2020-01-30T22:55:42.384] [DEBUG] cheese - admin
[2020-01-30T22:55:42.529] [DEBUG] cheese - null
[2020-01-30T22:55:42.529] [DEBUG] cheese - null
[2020-01-31T11:04:24.097] [DEBUG] cheese - login => username:admin,password:123456
[2020-01-31T11:04:24.099] [DEBUG] cheese - admin
[2020-01-31T11:04:24.263] [DEBUG] cheese - null
[2020-01-31T11:04:24.265] [DEBUG] cheese - null
[2020-01-31T13:56:49.394] [DEBUG] cheese - login => username:admin,password:123456
[2020-01-31T13:56:49.400] [DEBUG] cheese - admin
[2020-01-31T13:56:49.872] [DEBUG] cheese - null
[2020-01-31T13:56:49.873] [DEBUG] cheese - null
[2020-01-31T16:48:01.327] [DEBUG] cheese - login => username:admin,password:123456
[2020-01-31T16:48:01.340] [DEBUG] cheese - admin
[2020-01-31T16:48:01.435] [DEBUG] cheese - null
[2020-01-31T16:48:01.436] [DEBUG] cheese - null
[2020-01-31T18:25:50.837] [DEBUG] cheese - login => username:admin,password:123456
[2020-01-31T18:25:50.859] [DEBUG] cheese - admin
[2020-01-31T18:25:50.962] [DEBUG] cheese - null
[2020-01-31T18:25:50.963] [DEBUG] cheese - null
[2020-02-01T11:16:25.159] [DEBUG] cheese - login => username:admin,password:123456
[2020-02-01T11:16:25.166] [DEBUG] cheese - admin
[2020-02-01T11:16:25.356] [DEBUG] cheese - null
[2020-02-01T11:16:25.357] [DEBUG] cheese - null
[2020-02-01T17:21:54.224] [DEBUG] cheese - login => username:admin,password:123456
[2020-02-01T17:21:54.229] [DEBUG] cheese - admin
[2020-02-01T17:21:54.527] [DEBUG] cheese - null
[2020-02-01T17:21:54.528] [DEBUG] cheese - null
[2020-02-01T17:31:35.871] [DEBUG] cheese - login => username:admin,password:123456
[2020-02-01T17:31:35.873] [DEBUG] cheese - admin
[2020-02-01T17:31:35.929] [DEBUG] cheese - null
[2020-02-01T17:31:35.930] [DEBUG] cheese - null
[2020-02-01T17:31:39.680] [DEBUG] cheese - login => username:admin,password:123456
[2020-02-01T17:31:39.680] [DEBUG] cheese - admin
[2020-02-01T17:31:39.686] [DEBUG] cheese - null
[2020-02-01T17:31:39.687] [DEBUG] cheese - null
